TeamCode/build/intermediates/manifest_merge_blame_file/debug/manifest-merger-blame-debug-report.txt
1<?xml version="1.0" encoding="utf-8"?>
2<!--
3 Note: the actual manifest file used in your APK merges this file with contributions
4     from the modules on which your app depends (such as FtcRobotController, etc).
5     So it won't ultimately be as empty as it might here appear to be :-)
6-->
7<!-- The package name here determines the package for your R class and your BuildConfig class -->
8<manifest xmlns:android="http://schemas.android.com/apk/res/android"
9    package="com.qualcomm.ftcrobotcontroller"
10    android:versionCode="40"
11    android:versionName="6.2" >
12
13    <uses-sdk
14        android:minSdkVersion="24"
14-->src/main/AndroidManifest.xml
15        android:targetSdkVersion="28" />
15-->src/main/AndroidManifest.xml
16
17    <uses-permission android:name="android.permission.RECEIVE_BOOT_COMPLETED" />
17-->[:FtcRobotController] AndroidManifest.xml:12:5-81
17-->[:FtcRobotController] AndroidManifest.xml:12:22-78
18    <uses-permission
18-->[org.firstinspires.ftc:RobotCore:6.1.1] AndroidManifest.xml:11:5-13:35
19        android:name="android.permission.ACCESS_WIFI_STATE"
19-->[org.firstinspires.ftc:RobotCore:6.1.1] AndroidManifest.xml:12:9-60
20        android:required="true" />
20-->[org.firstinspires.ftc:RobotCore:6.1.1] AndroidManifest.xml:13:9-32
21    <uses-permission
21-->[org.firstinspires.ftc:RobotCore:6.1.1] AndroidManifest.xml:14:5-16:35
22        android:name="android.permission.CHANGE_WIFI_STATE"
22-->[org.firstinspires.ftc:RobotCore:6.1.1] AndroidManifest.xml:15:9-60
23        android:required="true" />
23-->[org.firstinspires.ftc:RobotCore:6.1.1] AndroidManifest.xml:16:9-32
24    <uses-permission android:name="android.permission.BLUETOOTH" />
24-->[org.firstinspires.ftc:RobotCore:6.1.1] AndroidManifest.xml:17:5-68
24-->[org.firstinspires.ftc:RobotCore:6.1.1] AndroidManifest.xml:17:22-65
25    <uses-permission
25-->[org.firstinspires.ftc:RobotCore:6.1.1] AndroidManifest.xml:18:5-20:35
26        android:name="android.permission.ACCESS_NETWORK_STATE"
26-->[org.firstinspires.ftc:RobotCore:6.1.1] AndroidManifest.xml:19:9-63
27        android:required="true" />
27-->[org.firstinspires.ftc:RobotCore:6.1.1] AndroidManifest.xml:20:9-32
28    <uses-permission
28-->[org.firstinspires.ftc:RobotCore:6.1.1] AndroidManifest.xml:21:5-23:35
29        android:name="android.permission.CHANGE_NETWORK_STATE"
29-->[org.firstinspires.ftc:RobotCore:6.1.1] AndroidManifest.xml:22:9-63
30        android:required="true" />
30-->[org.firstinspires.ftc:RobotCore:6.1.1] AndroidManifest.xml:23:9-32
31    <uses-permission
31-->[org.firstinspires.ftc:RobotCore:6.1.1] AndroidManifest.xml:24:5-26:35
32        android:name="android.permission.INTERNET"
32-->[org.firstinspires.ftc:RobotCore:6.1.1] AndroidManifest.xml:25:9-51
33        android:required="true" /> <!-- Classified as Dangerous Permission in SDK 26 -->
33-->[org.firstinspires.ftc:RobotCore:6.1.1] AndroidManifest.xml:26:9-32
34    <uses-permission
34-->[org.firstinspires.ftc:RobotCore:6.1.1] AndroidManifest.xml:29:5-31:35
35        android:name="android.permission.WRITE_EXTERNAL_STORAGE"
35-->[org.firstinspires.ftc:RobotCore:6.1.1] AndroidManifest.xml:30:9-65
36        android:required="true" /> <!-- Classified as Dangerous Permission in SDK 26 -->
36-->[org.firstinspires.ftc:RobotCore:6.1.1] AndroidManifest.xml:31:9-32
37    <uses-permission
37-->[org.firstinspires.ftc:RobotCore:6.1.1] AndroidManifest.xml:33:5-35:35
38        android:name="android.permission.READ_EXTERNAL_STORAGE"
38-->[org.firstinspires.ftc:RobotCore:6.1.1] AndroidManifest.xml:34:9-64
39        android:required="true" /> <!-- Classified as System Permission in SDK 26 -->
39-->[org.firstinspires.ftc:RobotCore:6.1.1] AndroidManifest.xml:35:9-32
40    <uses-permission
40-->[org.firstinspires.ftc:RobotCore:6.1.1] AndroidManifest.xml:38:5-40:35
41        android:name="android.permission.WRITE_SETTINGS"
41-->[org.firstinspires.ftc:RobotCore:6.1.1] AndroidManifest.xml:39:9-57
42        android:required="true" /> <!-- see AppUtil.setTimeZone() -->
42-->[org.firstinspires.ftc:RobotCore:6.1.1] AndroidManifest.xml:40:9-32
43    <uses-permission
43-->[org.firstinspires.ftc:RobotCore:6.1.1] AndroidManifest.xml:43:5-45:35
44        android:name="android.permission.SET_TIME_ZONE"
44-->[org.firstinspires.ftc:RobotCore:6.1.1] AndroidManifest.xml:44:9-56
45        android:required="true" />
45-->[org.firstinspires.ftc:RobotCore:6.1.1] AndroidManifest.xml:45:9-32
46    <!--
47  Note: we suspect that this (android.permission.WAKE_LOCK) is no
48  longer needed, but haven't yet found the time necessary to verify
49  that assertion before removing it
50    -->
51    <uses-permission
51-->[org.firstinspires.ftc:RobotCore:6.1.1] AndroidManifest.xml:52:5-54:35
52        android:name="android.permission.WAKE_LOCK"
52-->[org.firstinspires.ftc:RobotCore:6.1.1] AndroidManifest.xml:53:9-52
53        android:required="true" />
53-->[org.firstinspires.ftc:RobotCore:6.1.1] AndroidManifest.xml:54:9-32
54    <uses-permission android:name="android.permission.CAMERA" />
54-->[org.firstinspires.ftc:RobotCore:6.1.1] AndroidManifest.xml:55:5-65
54-->[org.firstinspires.ftc:RobotCore:6.1.1] AndroidManifest.xml:55:22-62
55    <uses-permission
55-->[org.firstinspires.ftc:RobotCore:6.1.1] AndroidManifest.xml:56:5-58:35
56        android:name="android.permission.ACCESS_COARSE_LOCATION"
56-->[org.firstinspires.ftc:RobotCore:6.1.1] AndroidManifest.xml:57:9-65
57        android:required="true" />
57-->[org.firstinspires.ftc:RobotCore:6.1.1] AndroidManifest.xml:58:9-32
58    <uses-permission
58-->[org.firstinspires.ftc:RobotCore:6.1.1] AndroidManifest.xml:59:5-61:35
59        android:name="android.permission.ACCESS_FINE_LOCATION"
59-->[org.firstinspires.ftc:RobotCore:6.1.1] AndroidManifest.xml:60:9-63
60        android:required="true" />
60-->[org.firstinspires.ftc:RobotCore:6.1.1] AndroidManifest.xml:61:9-32
61    <uses-permission
61-->[org.firstinspires.ftc:RobotCore:6.1.1] AndroidManifest.xml:62:5-64:35
62        android:name="android.permission.READ_PHONE_STATE"
62-->[org.firstinspires.ftc:RobotCore:6.1.1] AndroidManifest.xml:63:9-59
63        android:required="true" />
63-->[org.firstinspires.ftc:RobotCore:6.1.1] AndroidManifest.xml:64:9-32
64    <uses-permission
64-->[org.firstinspires.ftc:RobotCore:6.1.1] AndroidManifest.xml:65:5-67:35
65        android:name="com.revrobotics.permission.UPDATE_CONTROL_HUB"
65-->[org.firstinspires.ftc:RobotCore:6.1.1] AndroidManifest.xml:66:9-69
66        android:required="true" />
66-->[org.firstinspires.ftc:RobotCore:6.1.1] AndroidManifest.xml:67:9-32
67
68    <uses-feature android:name="android.hardware.usb.accessory" />
68-->[org.firstinspires.ftc:RobotCore:6.1.1] AndroidManifest.xml:69:5-67
68-->[org.firstinspires.ftc:RobotCore:6.1.1] AndroidManifest.xml:69:19-64
69    <uses-feature android:glEsVersion="0x00020000" />
69-->[org.firstinspires.ftc:RobotCore:6.1.1] AndroidManifest.xml:70:5-54
69-->[org.firstinspires.ftc:RobotCore:6.1.1] AndroidManifest.xml:70:19-51
70    <!--
71        NOTE: Any application that requests the CAMERA permission but does not
72        declare any camera features with the <uses-feature> element will be
73        assumed to use all camera features (auto-focus and flash). Thus, the
74        application will not be compatible with devices that do not support
75        all camera features. We use <uses-feature> to declare only the
76        camera features that our application does need. For instance, if you
77        request the CAMERA permission, but you do not need auto-focus or
78        flash, then declare only the android.hardware.camera feature. The
79        other camera features that you do not request will no longer be
80        assumed as required.
81    -->
82    <uses-feature android:name="android.hardware.camera" />
82-->[org.firstinspires.ftc:RobotCore:6.1.1] AndroidManifest.xml:84:5-60
82-->[org.firstinspires.ftc:RobotCore:6.1.1] AndroidManifest.xml:84:19-57
83
84    <uses-permission android:name="android.permission.BLUETOOTH_ADMIN" />
84-->[org.firstinspires.ftc:Inspection:6.1.1] AndroidManifest.xml:12:5-74
84-->[org.firstinspires.ftc:Inspection:6.1.1] AndroidManifest.xml:12:22-71
85
86    <application
86-->src/main/AndroidManifest.xml:11:5-19
87        android:name="org.firstinspires.ftc.robotcore.internal.system.RobotApplication"
87-->[org.firstinspires.ftc:RobotCore:6.1.1] AndroidManifest.xml:86:18-97
88        android:allowBackup="true"
88-->[:FtcRobotController] AndroidManifest.xml:15:9-35
89        android:appComponentFactory="androidx.core.app.CoreComponentFactory"
89-->[androidx.core:core:1.3.0] AndroidManifest.xml:24:18-86
90        android:debuggable="true"
91        android:extractNativeLibs="true"
91-->[:FtcRobotController] AndroidManifest.xml:16:9-41
92        android:icon="@drawable/ic_launcher"
92-->[:FtcRobotController] AndroidManifest.xml:17:9-45
93        android:label="@string/app_name"
93-->[:FtcRobotController] AndroidManifest.xml:18:9-41
94        android:largeHeap="true"
94-->[:FtcRobotController] AndroidManifest.xml:19:9-33
95        android:supportsRtl="true"
95-->[com.intel.realsense:librealsense:2.41.1-ftc265] AndroidManifest.xml:13:9-35
96        android:testOnly="true"
97        android:theme="@style/AppThemeRedRC"
97-->[:FtcRobotController] AndroidManifest.xml:20:9-45
98        android:usesCleartextTraffic="true" > <!-- Indicates to the ControlHubUpdater what the latest version of the Control Hub is that this app supports -->
98-->[:FtcRobotController] AndroidManifest.xml:21:9-44
99        <meta-data
99-->[:FtcRobotController] AndroidManifest.xml:24:9-26:33
100            android:name="org.firstinspires.latestSupportedControlHubVersion"
100-->[:FtcRobotController] AndroidManifest.xml:25:13-78
101            android:value="1" /> <!-- The main robot controller activity -->
101-->[:FtcRobotController] AndroidManifest.xml:26:13-30
102        <activity
102-->[:FtcRobotController] AndroidManifest.xml:29:9-40:20
103            android:name="org.firstinspires.ftc.robotcontroller.internal.PermissionValidatorWrapper"
103-->[:FtcRobotController] AndroidManifest.xml:30:13-101
104            android:configChanges="orientation|screenSize"
104-->[:FtcRobotController] AndroidManifest.xml:31:13-59
105            android:label="@string/app_name"
105-->[:FtcRobotController] AndroidManifest.xml:32:13-45
106            android:launchMode="singleTask"
106-->[:FtcRobotController] AndroidManifest.xml:33:13-44
107            android:screenOrientation="fullUser" >
107-->[:FtcRobotController] AndroidManifest.xml:34:13-49
108            <intent-filter>
108-->[:FtcRobotController] AndroidManifest.xml:35:13-39:29
109                <category android:name="android.intent.category.LAUNCHER" />
109-->[:FtcRobotController] AndroidManifest.xml:36:17-77
109-->[:FtcRobotController] AndroidManifest.xml:36:27-74
110
111                <action android:name="android.intent.action.MAIN" />
111-->[:FtcRobotController] AndroidManifest.xml:38:17-69
111-->[:FtcRobotController] AndroidManifest.xml:38:25-66
112            </intent-filter>
113        </activity>
114        <activity
114-->[:FtcRobotController] AndroidManifest.xml:41:9-59:20
115            android:name="org.firstinspires.ftc.robotcontroller.internal.FtcRobotControllerActivity"
115-->[:FtcRobotController] AndroidManifest.xml:42:13-101
116            android:configChanges="orientation|screenSize"
116-->[:FtcRobotController] AndroidManifest.xml:43:13-59
117            android:label="@string/app_name"
117-->[:FtcRobotController] AndroidManifest.xml:44:13-45
118            android:launchMode="singleTask"
118-->[:FtcRobotController] AndroidManifest.xml:45:13-44
119            android:screenOrientation="fullUser" >
119-->[:FtcRobotController] AndroidManifest.xml:46:13-49
120            <intent-filter>
120-->[:FtcRobotController] AndroidManifest.xml:47:13-49:29
121                <action android:name="android.hardware.usb.action.USB_DEVICE_ATTACHED" />
121-->[:FtcRobotController] AndroidManifest.xml:48:17-90
121-->[:FtcRobotController] AndroidManifest.xml:48:25-87
122            </intent-filter>
123
124            <meta-data
124-->[:FtcRobotController] AndroidManifest.xml:51:13-53:57
125                android:name="android.hardware.usb.action.USB_DEVICE_ATTACHED"
125-->[:FtcRobotController] AndroidManifest.xml:52:17-79
126                android:resource="@xml/device_filter" />
126-->[:FtcRobotController] AndroidManifest.xml:53:17-54
127
128            <!-- org.firstinspires.main.entry indicates that this app is compatible with the Dragonboard Control Hub -->
129            <meta-data
129-->[:FtcRobotController] AndroidManifest.xml:56:13-58:40
130                android:name="org.firstinspires.main.entry"
130-->[:FtcRobotController] AndroidManifest.xml:57:17-60
131                android:value="true" />
131-->[:FtcRobotController] AndroidManifest.xml:58:17-37
132        </activity> <!-- The robot controller service in which most of the robot functionality is managed -->
133        <service
133-->[:FtcRobotController] AndroidManifest.xml:62:9-64:38
134            android:name="com.qualcomm.ftccommon.FtcRobotControllerService"
134-->[:FtcRobotController] AndroidManifest.xml:63:13-76
135            android:enabled="true" />
135-->[:FtcRobotController] AndroidManifest.xml:64:13-35
136        <!--
137    Needed to support sending logs from log viewer on Nougat and later.
138    Note: DON'T need to shift meta-data to 'androidx' from 'android.support.FILE_PROVIDER_PATHS'
139        -->
140        <provider
140-->[org.firstinspires.ftc:RobotCore:6.1.1] AndroidManifest.xml:92:9-100:20
141            android:name="androidx.core.content.FileProvider"
141-->[org.firstinspires.ftc:RobotCore:6.1.1] AndroidManifest.xml:93:13-62
142            android:authorities="com.qualcomm.ftcrobotcontroller.provider"
142-->[org.firstinspires.ftc:RobotCore:6.1.1] AndroidManifest.xml:94:13-60
143            android:exported="false"
143-->[org.firstinspires.ftc:RobotCore:6.1.1] AndroidManifest.xml:95:13-37
144            android:grantUriPermissions="true" >
144-->[org.firstinspires.ftc:RobotCore:6.1.1] AndroidManifest.xml:96:13-47
145            <meta-data
145-->[org.firstinspires.ftc:RobotCore:6.1.1] AndroidManifest.xml:97:13-99:63
146                android:name="android.support.FILE_PROVIDER_PATHS"
146-->[org.firstinspires.ftc:RobotCore:6.1.1] AndroidManifest.xml:98:17-67
147                android:resource="@xml/file_provider_paths" />
147-->[org.firstinspires.ftc:RobotCore:6.1.1] AndroidManifest.xml:99:17-60
148        </provider> <!-- Service that keeps desktop folders up to date with respect to actual phone file system contents -->
149        <service
149-->[org.firstinspires.ftc:RobotCore:6.1.1] AndroidManifest.xml:103:9-105:38
150            android:name="org.firstinspires.ftc.robotcore.internal.files.MediaTransferProtocolMonitorService"
150-->[org.firstinspires.ftc:RobotCore:6.1.1] AndroidManifest.xml:104:13-110
151            android:enabled="true" />
151-->[org.firstinspires.ftc:RobotCore:6.1.1] AndroidManifest.xml:105:13-35
152
153        <meta-data
153-->[org.firstinspires.ftc:RobotCore:6.1.1] AndroidManifest.xml:107:9-109:41
154            android:name="autoStartService.org.firstinspires.ftc.robotcore.internal.files.MediaTransferProtocolMonitorService"
154-->[org.firstinspires.ftc:RobotCore:6.1.1] AndroidManifest.xml:108:13-127
155            android:value="BOTH|1000" /> <!-- Service that provides build services for OnBotJava -->
155-->[org.firstinspires.ftc:RobotCore:6.1.1] AndroidManifest.xml:109:13-38
156        <service
156-->[org.firstinspires.ftc:RobotCore:6.1.1] AndroidManifest.xml:112:9-114:38
157            android:name="org.firstinspires.ftc.onbotjava.OnBotJavaService"
157-->[org.firstinspires.ftc:RobotCore:6.1.1] AndroidManifest.xml:113:13-76
158            android:enabled="true" />
158-->[org.firstinspires.ftc:RobotCore:6.1.1] AndroidManifest.xml:114:13-35
159
160        <meta-data
160-->[org.firstinspires.ftc:RobotCore:6.1.1] AndroidManifest.xml:116:9-118:39
161            android:name="autoStartService.org.firstinspires.ftc.onbotjava.OnBotJavaService"
161-->[org.firstinspires.ftc:RobotCore:6.1.1] AndroidManifest.xml:117:13-93
162            android:value="RC|2000" />
162-->[org.firstinspires.ftc:RobotCore:6.1.1] AndroidManifest.xml:118:13-36
163
164        <receiver
164-->[org.firstinspires.ftc:RobotCore:6.1.1] AndroidManifest.xml:120:9-127:20
165            android:name="org.firstinspires.ftc.robotserver.internal.webserver.controlhubupdater.ChUpdaterCommManager$ChUpdaterBroadcastReceiver"
165-->[org.firstinspires.ftc:RobotCore:6.1.1] AndroidManifest.xml:121:13-146
166            android:exported="true"
166-->[org.firstinspires.ftc:RobotCore:6.1.1] AndroidManifest.xml:122:13-36
167            android:permission="android.permission.INSTALL_PACKAGES" >
167-->[org.firstinspires.ftc:RobotCore:6.1.1] AndroidManifest.xml:123:13-69
168            <intent-filter>
168-->[org.firstinspires.ftc:RobotCore:6.1.1] AndroidManifest.xml:124:13-126:29
169                <action android:name="com.revrobotics.controlhubupdater.broadcast.RESULT_BROADCAST" />
169-->[org.firstinspires.ftc:RobotCore:6.1.1] AndroidManifest.xml:125:17-103
169-->[org.firstinspires.ftc:RobotCore:6.1.1] AndroidManifest.xml:125:25-100
170            </intent-filter>
171        </receiver>
172
173        <activity
173-->[org.firstinspires.ftc:FtcCommon:6.1.1] AndroidManifest.xml:26:9-30:20
174            android:name="com.qualcomm.ftccommon.FtcRobotControllerSettingsActivity"
174-->[org.firstinspires.ftc:FtcCommon:6.1.1] AndroidManifest.xml:27:13-85
175            android:exported="true"
175-->[org.firstinspires.ftc:FtcCommon:6.1.1] AndroidManifest.xml:28:13-36
176            android:label="@string/settings_activity" >
176-->[org.firstinspires.ftc:FtcCommon:6.1.1] AndroidManifest.xml:29:13-54
177        </activity>
178        <activity
178-->[org.firstinspires.ftc:FtcCommon:6.1.1] AndroidManifest.xml:31:9-36:20
179            android:name="com.qualcomm.ftccommon.configuration.FtcLoadFileActivity"
179-->[org.firstinspires.ftc:FtcCommon:6.1.1] AndroidManifest.xml:32:13-84
180            android:configChanges="orientation|screenSize"
180-->[org.firstinspires.ftc:FtcCommon:6.1.1] AndroidManifest.xml:33:13-59
181            android:exported="true"
181-->[org.firstinspires.ftc:FtcCommon:6.1.1] AndroidManifest.xml:34:13-36
182            android:label="@string/configure_activity" >
182-->[org.firstinspires.ftc:FtcCommon:6.1.1] AndroidManifest.xml:35:13-55
183        </activity>
184        <activity
184-->[org.firstinspires.ftc:FtcCommon:6.1.1] AndroidManifest.xml:37:9-42:20
185            android:name="com.qualcomm.ftccommon.configuration.ConfigureFromTemplateActivity"
185-->[org.firstinspires.ftc:FtcCommon:6.1.1] AndroidManifest.xml:38:13-94
186            android:configChanges="orientation|screenSize"
186-->[org.firstinspires.ftc:FtcCommon:6.1.1] AndroidManifest.xml:39:13-59
187            android:exported="true"
187-->[org.firstinspires.ftc:FtcCommon:6.1.1] AndroidManifest.xml:40:13-36
188            android:label="@string/title_activity_configfromtemplate" >
188-->[org.firstinspires.ftc:FtcCommon:6.1.1] AndroidManifest.xml:41:13-70
189        </activity>
190        <activity
190-->[org.firstinspires.ftc:FtcCommon:6.1.1] AndroidManifest.xml:43:9-48:20
191            android:name="com.qualcomm.ftccommon.ViewLogsActivity"
191-->[org.firstinspires.ftc:FtcCommon:6.1.1] AndroidManifest.xml:44:13-67
192            android:configChanges="orientation|screenSize"
192-->[org.firstinspires.ftc:FtcCommon:6.1.1] AndroidManifest.xml:45:13-59
193            android:exported="true"
193-->[org.firstinspires.ftc:FtcCommon:6.1.1] AndroidManifest.xml:46:13-36
194            android:label="@string/view_logs_activity" >
194-->[org.firstinspires.ftc:FtcCommon:6.1.1] AndroidManifest.xml:47:13-55
195        </activity>
196        <activity
196-->[org.firstinspires.ftc:FtcCommon:6.1.1] AndroidManifest.xml:49:9-53:20
197            android:name="com.qualcomm.ftccommon.configuration.FtcConfigurationActivity"
197-->[org.firstinspires.ftc:FtcCommon:6.1.1] AndroidManifest.xml:50:13-89
198            android:configChanges="orientation|screenSize"
198-->[org.firstinspires.ftc:FtcCommon:6.1.1] AndroidManifest.xml:51:13-59
199            android:label="@string/app_name" >
199-->[org.firstinspires.ftc:FtcCommon:6.1.1] AndroidManifest.xml:52:13-45
200        </activity>
201        <activity
201-->[org.firstinspires.ftc:FtcCommon:6.1.1] AndroidManifest.xml:54:9-58:20
202            android:name="com.qualcomm.ftccommon.configuration.FtcNewFileActivity"
202-->[org.firstinspires.ftc:FtcCommon:6.1.1] AndroidManifest.xml:55:13-83
203            android:configChanges="orientation|screenSize"
203-->[org.firstinspires.ftc:FtcCommon:6.1.1] AndroidManifest.xml:56:13-59
204            android:label="@string/app_name" >
204-->[org.firstinspires.ftc:FtcCommon:6.1.1] AndroidManifest.xml:57:13-45
205        </activity>
206        <activity
206-->[org.firstinspires.ftc:FtcCommon:6.1.1] AndroidManifest.xml:59:9-62:73
207            android:name="com.qualcomm.ftccommon.ConfigWifiDirectActivity"
207-->[org.firstinspires.ftc:FtcCommon:6.1.1] AndroidManifest.xml:60:13-75
208            android:exported="true"
208-->[org.firstinspires.ftc:FtcCommon:6.1.1] AndroidManifest.xml:61:13-36
209            android:label="@string/title_activity_config_wifi_direct" />
209-->[org.firstinspires.ftc:FtcCommon:6.1.1] AndroidManifest.xml:62:13-70
210        <activity
210-->[org.firstinspires.ftc:FtcCommon:6.1.1] AndroidManifest.xml:63:9-67:20
211            android:name="com.qualcomm.ftccommon.FtcAdvancedRCSettingsActivity"
211-->[org.firstinspires.ftc:FtcCommon:6.1.1] AndroidManifest.xml:64:13-80
212            android:exported="true"
212-->[org.firstinspires.ftc:FtcCommon:6.1.1] AndroidManifest.xml:65:13-36
213            android:label="@string/titleAdvancedRCSettings" >
213-->[org.firstinspires.ftc:FtcCommon:6.1.1] AndroidManifest.xml:66:13-60
214        </activity>
215        <activity
215-->[org.firstinspires.ftc:FtcCommon:6.1.1] AndroidManifest.xml:68:9-71:20
216            android:name="com.qualcomm.ftccommon.FtcLynxFirmwareUpdateActivity"
216-->[org.firstinspires.ftc:FtcCommon:6.1.1] AndroidManifest.xml:69:13-80
217            android:exported="true" >
217-->[org.firstinspires.ftc:FtcCommon:6.1.1] AndroidManifest.xml:70:13-36
218        </activity>
219        <activity
219-->[org.firstinspires.ftc:FtcCommon:6.1.1] AndroidManifest.xml:72:9-75:20
220            android:name="com.qualcomm.ftccommon.FtcLynxModuleAddressUpdateActivity"
220-->[org.firstinspires.ftc:FtcCommon:6.1.1] AndroidManifest.xml:73:13-85
221            android:exported="true" >
221-->[org.firstinspires.ftc:FtcCommon:6.1.1] AndroidManifest.xml:74:13-36
222        </activity>
223        <activity
223-->[org.firstinspires.ftc:FtcCommon:6.1.1] AndroidManifest.xml:76:9-80:20
224            android:name="com.qualcomm.ftccommon.FtcWifiDirectChannelSelectorActivity"
224-->[org.firstinspires.ftc:FtcCommon:6.1.1] AndroidManifest.xml:77:13-87
225            android:exported="true"
225-->[org.firstinspires.ftc:FtcCommon:6.1.1] AndroidManifest.xml:78:13-36
226            android:label="@string/title_activity_wifi_channel_selector" >
226-->[org.firstinspires.ftc:FtcCommon:6.1.1] AndroidManifest.xml:79:13-73
227        </activity>
228        <activity
228-->[org.firstinspires.ftc:FtcCommon:6.1.1] AndroidManifest.xml:81:9-85:20
229            android:name="com.qualcomm.ftccommon.FtcWifiDirectRememberedGroupsActivity"
229-->[org.firstinspires.ftc:FtcCommon:6.1.1] AndroidManifest.xml:82:13-88
230            android:exported="true"
230-->[org.firstinspires.ftc:FtcCommon:6.1.1] AndroidManifest.xml:83:13-36
231            android:label="@string/title_activity_wifi_remembered_groups_editor" >
231-->[org.firstinspires.ftc:FtcCommon:6.1.1] AndroidManifest.xml:84:13-81
232        </activity>
233        <activity
233-->[org.firstinspires.ftc:FtcCommon:6.1.1] AndroidManifest.xml:86:9-89:20
234            android:name="com.qualcomm.ftccommon.AboutActivity"
234-->[org.firstinspires.ftc:FtcCommon:6.1.1] AndroidManifest.xml:87:13-64
235            android:label="@string/about_activity" >
235-->[org.firstinspires.ftc:FtcCommon:6.1.1] AndroidManifest.xml:88:13-51
236        </activity>
237        <activity
237-->[org.firstinspires.ftc:FtcCommon:6.1.1] AndroidManifest.xml:90:9-93:20
238            android:name="com.qualcomm.ftccommon.FtcAboutActivity"
238-->[org.firstinspires.ftc:FtcCommon:6.1.1] AndroidManifest.xml:91:13-67
239            android:label="@string/ftc_about_activity" >
239-->[org.firstinspires.ftc:FtcCommon:6.1.1] AndroidManifest.xml:92:13-55
240        </activity>
241        <activity
241-->[org.firstinspires.ftc:FtcCommon:6.1.1] AndroidManifest.xml:94:9-99:20
242            android:name="com.qualcomm.ftccommon.configuration.EditSwapUsbDevices"
242-->[org.firstinspires.ftc:FtcCommon:6.1.1] AndroidManifest.xml:95:13-83
243            android:configChanges="orientation|screenSize"
243-->[org.firstinspires.ftc:FtcCommon:6.1.1] AndroidManifest.xml:96:13-59
244            android:label="@string/edit_swap_devices_activity"
244-->[org.firstinspires.ftc:FtcCommon:6.1.1] AndroidManifest.xml:97:13-63
245            android:windowSoftInputMode="stateHidden" >
245-->[org.firstinspires.ftc:FtcCommon:6.1.1] AndroidManifest.xml:98:13-54
246        </activity>
247        <activity
247-->[org.firstinspires.ftc:FtcCommon:6.1.1] AndroidManifest.xml:100:9-105:20
248            android:name="com.qualcomm.ftccommon.configuration.EditMotorControllerActivity"
248-->[org.firstinspires.ftc:FtcCommon:6.1.1] AndroidManifest.xml:101:13-92
249            android:configChanges="orientation|screenSize"
249-->[org.firstinspires.ftc:FtcCommon:6.1.1] AndroidManifest.xml:102:13-59
250            android:label="@string/edit_motor_controller_activity"
250-->[org.firstinspires.ftc:FtcCommon:6.1.1] AndroidManifest.xml:103:13-67
251            android:windowSoftInputMode="stateHidden" >
251-->[org.firstinspires.ftc:FtcCommon:6.1.1] AndroidManifest.xml:104:13-54
252        </activity>
253        <activity
253-->[org.firstinspires.ftc:FtcCommon:6.1.1] AndroidManifest.xml:106:9-111:20
254            android:name="com.qualcomm.ftccommon.configuration.EditLegacyMotorControllerActivity"
254-->[org.firstinspires.ftc:FtcCommon:6.1.1] AndroidManifest.xml:107:13-98
255            android:configChanges="orientation|screenSize"
255-->[org.firstinspires.ftc:FtcCommon:6.1.1] AndroidManifest.xml:108:13-59
256            android:label="@string/edit_motor_controller_activity"
256-->[org.firstinspires.ftc:FtcCommon:6.1.1] AndroidManifest.xml:109:13-67
257            android:windowSoftInputMode="stateHidden" >
257-->[org.firstinspires.ftc:FtcCommon:6.1.1] AndroidManifest.xml:110:13-54
258        </activity>
259        <activity
259-->[org.firstinspires.ftc:FtcCommon:6.1.1] AndroidManifest.xml:112:9-117:20
260            android:name="com.qualcomm.ftccommon.configuration.EditMotorListActivity"
260-->[org.firstinspires.ftc:FtcCommon:6.1.1] AndroidManifest.xml:113:13-86
261            android:configChanges="orientation|screenSize"
261-->[org.firstinspires.ftc:FtcCommon:6.1.1] AndroidManifest.xml:114:13-59
262            android:label="@string/edit_motor_controller_activity"
262-->[org.firstinspires.ftc:FtcCommon:6.1.1] AndroidManifest.xml:115:13-67
263            android:windowSoftInputMode="stateHidden" >
263-->[org.firstinspires.ftc:FtcCommon:6.1.1] AndroidManifest.xml:116:13-54
264        </activity>
265        <activity
265-->[org.firstinspires.ftc:FtcCommon:6.1.1] AndroidManifest.xml:118:9-123:20
266            android:name="com.qualcomm.ftccommon.configuration.EditServoControllerActivity"
266-->[org.firstinspires.ftc:FtcCommon:6.1.1] AndroidManifest.xml:119:13-92
267            android:configChanges="orientation|screenSize"
267-->[org.firstinspires.ftc:FtcCommon:6.1.1] AndroidManifest.xml:120:13-59
268            android:label="@string/edit_servo_controller_activity"
268-->[org.firstinspires.ftc:FtcCommon:6.1.1] AndroidManifest.xml:121:13-67
269            android:windowSoftInputMode="stateHidden|adjustResize" >
269-->[org.firstinspires.ftc:FtcCommon:6.1.1] AndroidManifest.xml:122:13-67
270        </activity>
271        <activity
271-->[org.firstinspires.ftc:FtcCommon:6.1.1] AndroidManifest.xml:124:9-129:20
272            android:name="com.qualcomm.ftccommon.configuration.EditLegacyServoControllerActivity"
272-->[org.firstinspires.ftc:FtcCommon:6.1.1] AndroidManifest.xml:125:13-98
273            android:configChanges="orientation|screenSize"
273-->[org.firstinspires.ftc:FtcCommon:6.1.1] AndroidManifest.xml:126:13-59
274            android:label="@string/edit_servo_controller_activity"
274-->[org.firstinspires.ftc:FtcCommon:6.1.1] AndroidManifest.xml:127:13-67
275            android:windowSoftInputMode="stateHidden|adjustResize" >
275-->[org.firstinspires.ftc:FtcCommon:6.1.1] AndroidManifest.xml:128:13-67
276        </activity>
277        <activity
277-->[org.firstinspires.ftc:FtcCommon:6.1.1] AndroidManifest.xml:130:9-135:20
278            android:name="com.qualcomm.ftccommon.configuration.EditServoListActivity"
278-->[org.firstinspires.ftc:FtcCommon:6.1.1] AndroidManifest.xml:131:13-86
279            android:configChanges="orientation|screenSize"
279-->[org.firstinspires.ftc:FtcCommon:6.1.1] AndroidManifest.xml:132:13-59
280            android:label="@string/edit_servo_controller_activity"
280-->[org.firstinspires.ftc:FtcCommon:6.1.1] AndroidManifest.xml:133:13-67
281            android:windowSoftInputMode="stateHidden|adjustResize" >
281-->[org.firstinspires.ftc:FtcCommon:6.1.1] AndroidManifest.xml:134:13-67
282        </activity>
283        <activity
283-->[org.firstinspires.ftc:FtcCommon:6.1.1] AndroidManifest.xml:136:9-141:20
284            android:name="com.qualcomm.ftccommon.configuration.EditLegacyModuleControllerActivity"